1740666746537|3|statement|connection 1|url jdbc:hsqldb:hsql://localhost/xdb|select * from information_schema.sequences|select * from information_schema.sequences
1740666746570|1|statement|connection 1|url jdbc:hsqldb:hsql://localhost/xdb|create table MYFRAMEWORK_PROPERTIES (name varchar(255) not null, value varchar(255), primary key (name))|create table MYFRAMEWORK_PROPERTIES (name varchar(255) not null, value varchar(255), primary key (name))
1740666747271|0|statement|connection 2|url jdbc:hsqldb:hsql://localhost/xdb|select myframewor0_.value as col_0_0_ from MYFRAMEWORK_PROPERTIES myframewor0_ where myframewor0_.name='thejavalistener.fwk.frontend.hql.screen.HQLScreen.dividerLocation'|select myframewor0_.value as col_0_0_ from MYFRAMEWORK_PROPERTIES myframewor0_ where myframewor0_.name='thejavalistener.fwk.frontend.hql.screen.HQLScreen.dividerLocation'
1740666747281|0|statement|connection 2|url jdbc:hsqldb:hsql://localhost/xdb|select myframewor0_.name as name1_0_, myframewor0_.value as value2_0_ from MYFRAMEWORK_PROPERTIES myframewor0_ where myframewor0_.name='thejavalistener.fwk.frontend.hql.screen.HQLScreen.dividerLocation'|select myframewor0_.name as name1_0_, myframewor0_.value as value2_0_ from MYFRAMEWORK_PROPERTIES myframewor0_ where myframewor0_.name='thejavalistener.fwk.frontend.hql.screen.HQLScreen.dividerLocation'
1740666747349|0|statement|connection 2|url jdbc:hsqldb:hsql://localhost/xdb|insert into MYFRAMEWORK_PROPERTIES (value, name) values (?, ?)|insert into MYFRAMEWORK_PROPERTIES (value, name) values ('{"type":"java.lang.Integer","data":200}', 'thejavalistener.fwk.frontend.hql.screen.HQLScreen.dividerLocation')
1740666747351|0|commit|connection 2|url jdbc:hsqldb:hsql://localhost/xdb||
1740666747487|0|statement|connection 3|url jdbc:hsqldb:hsql://localhost/xdb|select myframewor0_.value as col_0_0_ from MYFRAMEWORK_PROPERTIES myframewor0_ where myframewor0_.name='thejavalistener.fwk.frontend.hql.screen.HQLScreen.console'|select myframewor0_.value as col_0_0_ from MYFRAMEWORK_PROPERTIES myframewor0_ where myframewor0_.name='thejavalistener.fwk.frontend.hql.screen.HQLScreen.console'
1740666747644|0|statement|connection 4|url jdbc:hsqldb:hsql://localhost/xdb|select myframewor0_.value as col_0_0_ from MYFRAMEWORK_PROPERTIES myframewor0_ where myframewor0_.name='thejavalistener.fwk.frontend.MyAppContainer.bounds'|select myframewor0_.value as col_0_0_ from MYFRAMEWORK_PROPERTIES myframewor0_ where myframewor0_.name='thejavalistener.fwk.frontend.MyAppContainer.bounds'
1740666758045|0|statement|connection 5|url jdbc:hsqldb:hsql://localhost/xdb|select myframewor0_.name as name1_0_, myframewor0_.value as value2_0_ from MYFRAMEWORK_PROPERTIES myframewor0_ where myframewor0_.name='thejavalistener.fwk.frontend.hql.screen.HQLScreen.dividerLocation'|select myframewor0_.name as name1_0_, myframewor0_.value as value2_0_ from MYFRAMEWORK_PROPERTIES myframewor0_ where myframewor0_.name='thejavalistener.fwk.frontend.hql.screen.HQLScreen.dividerLocation'
1740666758060|1|statement|connection 5|url jdbc:hsqldb:hsql://localhost/xdb|update MYFRAMEWORK_PROPERTIES set value=? where name=?|update MYFRAMEWORK_PROPERTIES set value='{"type":"java.lang.Integer","data":8}' where name='thejavalistener.fwk.frontend.hql.screen.HQLScreen.dividerLocation'
1740666758060|0|commit|connection 5|url jdbc:hsqldb:hsql://localhost/xdb||
1740666758172|0|statement|connection 6|url jdbc:hsqldb:hsql://localhost/xdb|select myframewor0_.name as name1_0_, myframewor0_.value as value2_0_ from MYFRAMEWORK_PROPERTIES myframewor0_ where myframewor0_.name='thejavalistener.fwk.frontend.hql.screen.HQLScreen.dividerLocation'|select myframewor0_.name as name1_0_, myframewor0_.value as value2_0_ from MYFRAMEWORK_PROPERTIES myframewor0_ where myframewor0_.name='thejavalistener.fwk.frontend.hql.screen.HQLScreen.dividerLocation'
1740666758172|0|statement|connection 6|url jdbc:hsqldb:hsql://localhost/xdb|update MYFRAMEWORK_PROPERTIES set value=? where name=?|update MYFRAMEWORK_PROPERTIES set value='{"type":"java.lang.Integer","data":23}' where name='thejavalistener.fwk.frontend.hql.screen.HQLScreen.dividerLocation'
1740666758172|0|commit|connection 6|url jdbc:hsqldb:hsql://localhost/xdb||
1740666819693|0|statement|connection 7|url jdbc:hsqldb:hsql://localhost/xdb|select myframewor0_.name as name1_0_, myframewor0_.value as value2_0_ from MYFRAMEWORK_PROPERTIES myframewor0_ where myframewor0_.name='thejavalistener.fwk.frontend.hql.screen.HQLScreen.dividerLocation'|select myframewor0_.name as name1_0_, myframewor0_.value as value2_0_ from MYFRAMEWORK_PROPERTIES myframewor0_ where myframewor0_.name='thejavalistener.fwk.frontend.hql.screen.HQLScreen.dividerLocation'
1740666819697|0|statement|connection 7|url jdbc:hsqldb:hsql://localhost/xdb|update MYFRAMEWORK_PROPERTIES set value=? where name=?|update MYFRAMEWORK_PROPERTIES set value='{"type":"java.lang.Integer","data":125}' where name='thejavalistener.fwk.frontend.hql.screen.HQLScreen.dividerLocation'
1740666819698|0|commit|connection 7|url jdbc:hsqldb:hsql://localhost/xdb||
1740666856476|0|statement|connection 8|url jdbc:hsqldb:hsql://localhost/xdb|select myframewor0_.name as name1_0_, myframewor0_.value as value2_0_ from MYFRAMEWORK_PROPERTIES myframewor0_ where myframewor0_.name='thejavalistener.fwk.frontend.hql.screen.HQLScreen.dividerLocation'|select myframewor0_.name as name1_0_, myframewor0_.value as value2_0_ from MYFRAMEWORK_PROPERTIES myframewor0_ where myframewor0_.name='thejavalistener.fwk.frontend.hql.screen.HQLScreen.dividerLocation'
1740666856479|0|statement|connection 8|url jdbc:hsqldb:hsql://localhost/xdb|update MYFRAMEWORK_PROPERTIES set value=? where name=?|update MYFRAMEWORK_PROPERTIES set value='{"type":"java.lang.Integer","data":200}' where name='thejavalistener.fwk.frontend.hql.screen.HQLScreen.dividerLocation'
1740666856480|0|commit|connection 8|url jdbc:hsqldb:hsql://localhost/xdb||
1740666857961|0|statement|connection 9|url jdbc:hsqldb:hsql://localhost/xdb|select myframewor0_.name as name1_0_, myframewor0_.value as value2_0_ from MYFRAMEWORK_PROPERTIES myframewor0_ where myframewor0_.name='thejavalistener.fwk.frontend.hql.screen.HQLScreen.dividerLocation'|select myframewor0_.name as name1_0_, myframewor0_.value as value2_0_ from MYFRAMEWORK_PROPERTIES myframewor0_ where myframewor0_.name='thejavalistener.fwk.frontend.hql.screen.HQLScreen.dividerLocation'
1740666857963|0|statement|connection 9|url jdbc:hsqldb:hsql://localhost/xdb|update MYFRAMEWORK_PROPERTIES set value=? where name=?|update MYFRAMEWORK_PROPERTIES set value='{"type":"java.lang.Integer","data":257}' where name='thejavalistener.fwk.frontend.hql.screen.HQLScreen.dividerLocation'
1740666857963|0|commit|connection 9|url jdbc:hsqldb:hsql://localhost/xdb||
1740666859803|0|statement|connection 10|url jdbc:hsqldb:hsql://localhost/xdb|select myframewor0_.name as name1_0_, myframewor0_.value as value2_0_ from MYFRAMEWORK_PROPERTIES myframewor0_ where myframewor0_.name='thejavalistener.fwk.frontend.hql.screen.HQLScreen.dividerLocation'|select myframewor0_.name as name1_0_, myframewor0_.value as value2_0_ from MYFRAMEWORK_PROPERTIES myframewor0_ where myframewor0_.name='thejavalistener.fwk.frontend.hql.screen.HQLScreen.dividerLocation'
1740666859807|0|statement|connection 10|url jdbc:hsqldb:hsql://localhost/xdb|update MYFRAMEWORK_PROPERTIES set value=? where name=?|update MYFRAMEWORK_PROPERTIES set value='{"type":"java.lang.Integer","data":270}' where name='thejavalistener.fwk.frontend.hql.screen.HQLScreen.dividerLocation'
1740666859808|0|commit|connection 10|url jdbc:hsqldb:hsql://localhost/xdb||
1740666899250|0|statement|connection 11|url jdbc:hsqldb:hsql://localhost/xdb|select myframewor0_.name as name1_0_, myframewor0_.value as value2_0_ from MYFRAMEWORK_PROPERTIES myframewor0_ where myframewor0_.name='thejavalistener.fwk.frontend.hql.screen.HQLScreen.console'|select myframewor0_.name as name1_0_, myframewor0_.value as value2_0_ from MYFRAMEWORK_PROPERTIES myframewor0_ where myframewor0_.name='thejavalistener.fwk.frontend.hql.screen.HQLScreen.console'
1740666899253|0|statement|connection 11|url jdbc:hsqldb:hsql://localhost/xdb|insert into MYFRAMEWORK_PROPERTIES (value, name) values (?, ?)|insert into MYFRAMEWORK_PROPERTIES (value, name) values ('{"type":"java.lang.String","data":""}', 'thejavalistener.fwk.frontend.hql.screen.HQLScreen.console')
1740666899254|0|commit|connection 11|url jdbc:hsqldb:hsql://localhost/xdb||
1740666899374|0|statement|connection 12|url jdbc:hsqldb:hsql://localhost/xdb|select myframewor0_.name as name1_0_, myframewor0_.value as value2_0_ from MYFRAMEWORK_PROPERTIES myframewor0_ where myframewor0_.name='thejavalistener.fwk.frontend.MyAppContainer.bounds'|select myframewor0_.name as name1_0_, myframewor0_.value as value2_0_ from MYFRAMEWORK_PROPERTIES myframewor0_ where myframewor0_.name='thejavalistener.fwk.frontend.MyAppContainer.bounds'
1740666899378|0|statement|connection 12|url jdbc:hsqldb:hsql://localhost/xdb|insert into MYFRAMEWORK_PROPERTIES (value, name) values (?, ?)|insert into MYFRAMEWORK_PROPERTIES (value, name) values ('{"type":"java.awt.Rectangle","data":{"x":94,"y":46,"width":1377,"height":762}}', 'thejavalistener.fwk.frontend.MyAppContainer.bounds')
1740666899379|0|commit|connection 12|url jdbc:hsqldb:hsql://localhost/xdb||
1740666899525|29|statement|connection 13|url jdbc:hsqldb:hsql://localhost/xdb|shutdown|shutdown
1740666905454|6|statement|connection 1|url jdbc:hsqldb:hsql://localhost/xdb|select * from information_schema.sequences|select * from information_schema.sequences
1740666906194|0|statement|connection 2|url jdbc:hsqldb:hsql://localhost/xdb|select myframewor0_.value as col_0_0_ from MYFRAMEWORK_PROPERTIES myframewor0_ where myframewor0_.name='thejavalistener.fwk.frontend.hql.screen.HQLScreen.dividerLocation'|select myframewor0_.value as col_0_0_ from MYFRAMEWORK_PROPERTIES myframewor0_ where myframewor0_.name='thejavalistener.fwk.frontend.hql.screen.HQLScreen.dividerLocation'
1740666906240|0|commit|connection 2|url jdbc:hsqldb:hsql://localhost/xdb||
1740666906388|0|statement|connection 3|url jdbc:hsqldb:hsql://localhost/xdb|select myframewor0_.value as col_0_0_ from MYFRAMEWORK_PROPERTIES myframewor0_ where myframewor0_.name='thejavalistener.fwk.frontend.hql.screen.HQLScreen.console'|select myframewor0_.value as col_0_0_ from MYFRAMEWORK_PROPERTIES myframewor0_ where myframewor0_.name='thejavalistener.fwk.frontend.hql.screen.HQLScreen.console'
1740666906559|0|statement|connection 4|url jdbc:hsqldb:hsql://localhost/xdb|select myframewor0_.value as col_0_0_ from MYFRAMEWORK_PROPERTIES myframewor0_ where myframewor0_.name='thejavalistener.fwk.frontend.MyAppContainer.bounds'|select myframewor0_.value as col_0_0_ from MYFRAMEWORK_PROPERTIES myframewor0_ where myframewor0_.name='thejavalistener.fwk.frontend.MyAppContainer.bounds'
1740666909353|0|statement|connection 5|url jdbc:hsqldb:hsql://localhost/xdb|select myframewor0_.name as name1_0_, myframewor0_.value as value2_0_ from MYFRAMEWORK_PROPERTIES myframewor0_ where myframewor0_.name='thejavalistener.fwk.frontend.hql.screen.HQLScreen.console'|select myframewor0_.name as name1_0_, myframewor0_.value as value2_0_ from MYFRAMEWORK_PROPERTIES myframewor0_ where myframewor0_.name='thejavalistener.fwk.frontend.hql.screen.HQLScreen.console'
1740666909380|0|commit|connection 5|url jdbc:hsqldb:hsql://localhost/xdb||
1740666909503|0|statement|connection 6|url jdbc:hsqldb:hsql://localhost/xdb|select myframewor0_.name as name1_0_, myframewor0_.value as value2_0_ from MYFRAMEWORK_PROPERTIES myframewor0_ where myframewor0_.name='thejavalistener.fwk.frontend.MyAppContainer.bounds'|select myframewor0_.name as name1_0_, myframewor0_.value as value2_0_ from MYFRAMEWORK_PROPERTIES myframewor0_ where myframewor0_.name='thejavalistener.fwk.frontend.MyAppContainer.bounds'
1740666909505|0|commit|connection 6|url jdbc:hsqldb:hsql://localhost/xdb||
1740666909677|57|statement|connection 7|url jdbc:hsqldb:hsql://localhost/xdb|shutdown|shutdown
1740679257184|6|statement|connection 1|url jdbc:hsqldb:hsql://localhost/xdb|select * from information_schema.sequences|select * from information_schema.sequences
1740679257947|0|statement|connection 2|url jdbc:hsqldb:hsql://localhost/xdb|select myframewor0_.value as col_0_0_ from MYFRAMEWORK_PROPERTIES myframewor0_ where myframewor0_.name='thejavalistener.fwk.frontend.hql.screen.HQLScreen.dividerLocation'|select myframewor0_.value as col_0_0_ from MYFRAMEWORK_PROPERTIES myframewor0_ where myframewor0_.name='thejavalistener.fwk.frontend.hql.screen.HQLScreen.dividerLocation'
1740679257986|0|commit|connection 2|url jdbc:hsqldb:hsql://localhost/xdb||
1740679258136|0|statement|connection 3|url jdbc:hsqldb:hsql://localhost/xdb|select myframewor0_.value as col_0_0_ from MYFRAMEWORK_PROPERTIES myframewor0_ where myframewor0_.name='thejavalistener.fwk.frontend.hql.screen.HQLScreen.console'|select myframewor0_.value as col_0_0_ from MYFRAMEWORK_PROPERTIES myframewor0_ where myframewor0_.name='thejavalistener.fwk.frontend.hql.screen.HQLScreen.console'
1740679258308|0|statement|connection 4|url jdbc:hsqldb:hsql://localhost/xdb|select myframewor0_.value as col_0_0_ from MYFRAMEWORK_PROPERTIES myframewor0_ where myframewor0_.name='thejavalistener.fwk.frontend.MyAppContainer.bounds'|select myframewor0_.value as col_0_0_ from MYFRAMEWORK_PROPERTIES myframewor0_ where myframewor0_.name='thejavalistener.fwk.frontend.MyAppContainer.bounds'
1740679268016|0|statement|connection 5|url jdbc:hsqldb:hsql://localhost/xdb|select myframewor0_.name as name1_0_, myframewor0_.value as value2_0_ from MYFRAMEWORK_PROPERTIES myframewor0_ where myframewor0_.name='thejavalistener.fwk.frontend.hql.screen.HQLScreen.console'|select myframewor0_.name as name1_0_, myframewor0_.value as value2_0_ from MYFRAMEWORK_PROPERTIES myframewor0_ where myframewor0_.name='thejavalistener.fwk.frontend.hql.screen.HQLScreen.console'
1740679268038|0|commit|connection 5|url jdbc:hsqldb:hsql://localhost/xdb||
1740679268151|0|statement|connection 6|url jdbc:hsqldb:hsql://localhost/xdb|select myframewor0_.name as name1_0_, myframewor0_.value as value2_0_ from MYFRAMEWORK_PROPERTIES myframewor0_ where myframewor0_.name='thejavalistener.fwk.frontend.MyAppContainer.bounds'|select myframewor0_.name as name1_0_, myframewor0_.value as value2_0_ from MYFRAMEWORK_PROPERTIES myframewor0_ where myframewor0_.name='thejavalistener.fwk.frontend.MyAppContainer.bounds'
1740679268153|0|commit|connection 6|url jdbc:hsqldb:hsql://localhost/xdb||
1740679268292|34|statement|connection 7|url jdbc:hsqldb:hsql://localhost/xdb|shutdown|shutdown
1740766880073|5|statement|connection 1|url jdbc:hsqldb:hsql://localhost/xdb|select * from information_schema.sequences|select * from information_schema.sequences
1740766880112|1|statement|connection 1|url jdbc:hsqldb:hsql://localhost/xdb|create table DEMO_PERSONA (id_persona integer generated by default as identity (start with 1), fecha_nacimiento date, nombre varchar(255), primary key (id_persona))|create table DEMO_PERSONA (id_persona integer generated by default as identity (start with 1), fecha_nacimiento date, nombre varchar(255), primary key (id_persona))
1740767415907|8|statement|connection 1|url jdbc:hsqldb:hsql://localhost/xdb|select * from information_schema.sequences|select * from information_schema.sequences
1740767470438|4|statement|connection 1|url jdbc:hsqldb:hsql://localhost/xdb|select * from information_schema.sequences|select * from information_schema.sequences
1740767538765|6|statement|connection 1|url jdbc:hsqldb:hsql://localhost/xdb|select * from information_schema.sequences|select * from information_schema.sequences
1740767539462|0|statement|connection 2|url jdbc:hsqldb:hsql://localhost/xdb|select myframewor0_.value as col_0_0_ from MYFRAMEWORK_PROPERTIES myframewor0_ where myframewor0_.name='thejavalistener.fwk.frontend.hql.screen.HQLScreen.dividerLocation'|select myframewor0_.value as col_0_0_ from MYFRAMEWORK_PROPERTIES myframewor0_ where myframewor0_.name='thejavalistener.fwk.frontend.hql.screen.HQLScreen.dividerLocation'
1740767539505|0|commit|connection 2|url jdbc:hsqldb:hsql://localhost/xdb||
1740767539642|0|statement|connection 3|url jdbc:hsqldb:hsql://localhost/xdb|select myframewor0_.value as col_0_0_ from MYFRAMEWORK_PROPERTIES myframewor0_ where myframewor0_.name='thejavalistener.fwk.frontend.hql.screen.HQLScreen.console'|select myframewor0_.value as col_0_0_ from MYFRAMEWORK_PROPERTIES myframewor0_ where myframewor0_.name='thejavalistener.fwk.frontend.hql.screen.HQLScreen.console'
1740767539849|0|statement|connection 4|url jdbc:hsqldb:hsql://localhost/xdb|select myframewor0_.value as col_0_0_ from MYFRAMEWORK_PROPERTIES myframewor0_ where myframewor0_.name='thejavalistener.fwk.frontend.MyAppContainer.bounds'|select myframewor0_.value as col_0_0_ from MYFRAMEWORK_PROPERTIES myframewor0_ where myframewor0_.name='thejavalistener.fwk.frontend.MyAppContainer.bounds'
1740767548537|0|statement|connection 5|url jdbc:hsqldb:hsql://localhost/xdb|select myframewor0_.name as name1_1_, myframewor0_.value as value2_1_ from MYFRAMEWORK_PROPERTIES myframewor0_ where myframewor0_.name='thejavalistener.fwk.frontend.hql.screen.HQLScreen.console'|select myframewor0_.name as name1_1_, myframewor0_.value as value2_1_ from MYFRAMEWORK_PROPERTIES myframewor0_ where myframewor0_.name='thejavalistener.fwk.frontend.hql.screen.HQLScreen.console'
1740767548584|1|statement|connection 5|url jdbc:hsqldb:hsql://localhost/xdb|update MYFRAMEWORK_PROPERTIES set value=? where name=?|update MYFRAMEWORK_PROPERTIES set value='{"type":"java.lang.String","data":"desc"}' where name='thejavalistener.fwk.frontend.hql.screen.HQLScreen.console'
1740767548590|0|commit|connection 5|url jdbc:hsqldb:hsql://localhost/xdb||
1740767548704|0|statement|connection 6|url jdbc:hsqldb:hsql://localhost/xdb|select myframewor0_.name as name1_1_, myframewor0_.value as value2_1_ from MYFRAMEWORK_PROPERTIES myframewor0_ where myframewor0_.name='thejavalistener.fwk.frontend.MyAppContainer.bounds'|select myframewor0_.name as name1_1_, myframewor0_.value as value2_1_ from MYFRAMEWORK_PROPERTIES myframewor0_ where myframewor0_.name='thejavalistener.fwk.frontend.MyAppContainer.bounds'
1740767548706|0|commit|connection 6|url jdbc:hsqldb:hsql://localhost/xdb||
1740767548860|36|statement|connection 7|url jdbc:hsqldb:hsql://localhost/xdb|shutdown|shutdown
1740767565333|10|statement|connection 1|url jdbc:hsqldb:hsql://localhost/xdb|select * from information_schema.sequences|select * from information_schema.sequences
1740767616623|8|statement|connection 1|url jdbc:hsqldb:hsql://localhost/xdb|select * from information_schema.sequences|select * from information_schema.sequences
1740767617357|0|statement|connection 2|url jdbc:hsqldb:hsql://localhost/xdb|select myframewor0_.value as col_0_0_ from MYFRAMEWORK_PROPERTIES myframewor0_ where myframewor0_.name='thejavalistener.fwk.frontend.hql.screen.HQLScreen.dividerLocation'|select myframewor0_.value as col_0_0_ from MYFRAMEWORK_PROPERTIES myframewor0_ where myframewor0_.name='thejavalistener.fwk.frontend.hql.screen.HQLScreen.dividerLocation'
1740767617396|0|commit|connection 2|url jdbc:hsqldb:hsql://localhost/xdb||
1740767617538|0|statement|connection 3|url jdbc:hsqldb:hsql://localhost/xdb|select myframewor0_.value as col_0_0_ from MYFRAMEWORK_PROPERTIES myframewor0_ where myframewor0_.name='thejavalistener.fwk.frontend.hql.screen.HQLScreen.console'|select myframewor0_.value as col_0_0_ from MYFRAMEWORK_PROPERTIES myframewor0_ where myframewor0_.name='thejavalistener.fwk.frontend.hql.screen.HQLScreen.console'
1740767617712|0|statement|connection 4|url jdbc:hsqldb:hsql://localhost/xdb|select myframewor0_.value as col_0_0_ from MYFRAMEWORK_PROPERTIES myframewor0_ where myframewor0_.name='thejavalistener.fwk.frontend.MyAppContainer.bounds'|select myframewor0_.value as col_0_0_ from MYFRAMEWORK_PROPERTIES myframewor0_ where myframewor0_.name='thejavalistener.fwk.frontend.MyAppContainer.bounds'
1740767620674|0|statement|connection 5|url jdbc:hsqldb:hsql://localhost/xdb|select myframewor0_.name as name1_1_, myframewor0_.value as value2_1_ from MYFRAMEWORK_PROPERTIES myframewor0_ where myframewor0_.name='thejavalistener.fwk.frontend.hql.screen.HQLScreen.console'|select myframewor0_.name as name1_1_, myframewor0_.value as value2_1_ from MYFRAMEWORK_PROPERTIES myframewor0_ where myframewor0_.name='thejavalistener.fwk.frontend.hql.screen.HQLScreen.console'
1740767620700|0|commit|connection 5|url jdbc:hsqldb:hsql://localhost/xdb||
1740767620819|0|statement|connection 6|url jdbc:hsqldb:hsql://localhost/xdb|select myframewor0_.name as name1_1_, myframewor0_.value as value2_1_ from MYFRAMEWORK_PROPERTIES myframewor0_ where myframewor0_.name='thejavalistener.fwk.frontend.MyAppContainer.bounds'|select myframewor0_.name as name1_1_, myframewor0_.value as value2_1_ from MYFRAMEWORK_PROPERTIES myframewor0_ where myframewor0_.name='thejavalistener.fwk.frontend.MyAppContainer.bounds'
1740767620821|0|commit|connection 6|url jdbc:hsqldb:hsql://localhost/xdb||
1740767620974|34|statement|connection 7|url jdbc:hsqldb:hsql://localhost/xdb|shutdown|shutdown
1740767642963|6|statement|connection 1|url jdbc:hsqldb:hsql://localhost/xdb|select * from information_schema.sequences|select * from information_schema.sequences
1740767643713|0|statement|connection 2|url jdbc:hsqldb:hsql://localhost/xdb|select myframewor0_.value as col_0_0_ from MYFRAMEWORK_PROPERTIES myframewor0_ where myframewor0_.name='thejavalistener.fwk.frontend.hql.screen.HQLScreen.dividerLocation'|select myframewor0_.value as col_0_0_ from MYFRAMEWORK_PROPERTIES myframewor0_ where myframewor0_.name='thejavalistener.fwk.frontend.hql.screen.HQLScreen.dividerLocation'
1740767643751|0|commit|connection 2|url jdbc:hsqldb:hsql://localhost/xdb||
1740767643890|0|statement|connection 3|url jdbc:hsqldb:hsql://localhost/xdb|select myframewor0_.value as col_0_0_ from MYFRAMEWORK_PROPERTIES myframewor0_ where myframewor0_.name='thejavalistener.fwk.frontend.hql.screen.HQLScreen.console'|select myframewor0_.value as col_0_0_ from MYFRAMEWORK_PROPERTIES myframewor0_ where myframewor0_.name='thejavalistener.fwk.frontend.hql.screen.HQLScreen.console'
1740767644064|0|statement|connection 4|url jdbc:hsqldb:hsql://localhost/xdb|select myframewor0_.value as col_0_0_ from MYFRAMEWORK_PROPERTIES myframewor0_ where myframewor0_.name='thejavalistener.fwk.frontend.MyAppContainer.bounds'|select myframewor0_.value as col_0_0_ from MYFRAMEWORK_PROPERTIES myframewor0_ where myframewor0_.name='thejavalistener.fwk.frontend.MyAppContainer.bounds'
1740767648161|0|statement|connection 5|url jdbc:hsqldb:hsql://localhost/xdb|select myframewor0_.name as name1_1_, myframewor0_.value as value2_1_ from MYFRAMEWORK_PROPERTIES myframewor0_ where myframewor0_.name='thejavalistener.fwk.frontend.hql.screen.HQLScreen.console'|select myframewor0_.name as name1_1_, myframewor0_.value as value2_1_ from MYFRAMEWORK_PROPERTIES myframewor0_ where myframewor0_.name='thejavalistener.fwk.frontend.hql.screen.HQLScreen.console'
1740767648184|0|commit|connection 5|url jdbc:hsqldb:hsql://localhost/xdb||
1740767648309|0|statement|connection 6|url jdbc:hsqldb:hsql://localhost/xdb|select myframewor0_.name as name1_1_, myframewor0_.value as value2_1_ from MYFRAMEWORK_PROPERTIES myframewor0_ where myframewor0_.name='thejavalistener.fwk.frontend.MyAppContainer.bounds'|select myframewor0_.name as name1_1_, myframewor0_.value as value2_1_ from MYFRAMEWORK_PROPERTIES myframewor0_ where myframewor0_.name='thejavalistener.fwk.frontend.MyAppContainer.bounds'
1740767648312|0|commit|connection 6|url jdbc:hsqldb:hsql://localhost/xdb||
1740767648463|34|statement|connection 7|url jdbc:hsqldb:hsql://localhost/xdb|shutdown|shutdown
1740767662327|6|statement|connection 1|url jdbc:hsqldb:hsql://localhost/xdb|select * from information_schema.sequences|select * from information_schema.sequences
1740767663130|1|statement|connection 2|url jdbc:hsqldb:hsql://localhost/xdb|select persona0_.id_persona as id_perso1_0_, persona0_.fecha_nacimiento as fecha_na2_0_, persona0_.nombre as nombre3_0_ from DEMO_PERSONA persona0_|select persona0_.id_persona as id_perso1_0_, persona0_.fecha_nacimiento as fecha_na2_0_, persona0_.nombre as nombre3_0_ from DEMO_PERSONA persona0_
1740767663293|0|statement|connection 3|url jdbc:hsqldb:hsql://localhost/xdb|select myframewor0_.value as col_0_0_ from MYFRAMEWORK_PROPERTIES myframewor0_ where myframewor0_.name='thejavalistener.fwk.frontend.hql.screen.HQLScreen.dividerLocation'|select myframewor0_.value as col_0_0_ from MYFRAMEWORK_PROPERTIES myframewor0_ where myframewor0_.name='thejavalistener.fwk.frontend.hql.screen.HQLScreen.dividerLocation'
1740767663330|0|commit|connection 3|url jdbc:hsqldb:hsql://localhost/xdb||
1740767663455|0|statement|connection 4|url jdbc:hsqldb:hsql://localhost/xdb|select myframewor0_.value as col_0_0_ from MYFRAMEWORK_PROPERTIES myframewor0_ where myframewor0_.name='thejavalistener.fwk.frontend.hql.screen.HQLScreen.console'|select myframewor0_.value as col_0_0_ from MYFRAMEWORK_PROPERTIES myframewor0_ where myframewor0_.name='thejavalistener.fwk.frontend.hql.screen.HQLScreen.console'
1740767663581|0|statement|connection 5|url jdbc:hsqldb:hsql://localhost/xdb|select myframewor0_.value as col_0_0_ from MYFRAMEWORK_PROPERTIES myframewor0_ where myframewor0_.name='thejavalistener.fwk.frontend.MyAppContainer.bounds'|select myframewor0_.value as col_0_0_ from MYFRAMEWORK_PROPERTIES myframewor0_ where myframewor0_.name='thejavalistener.fwk.frontend.MyAppContainer.bounds'
1740767712663|4|statement|connection 1|url jdbc:hsqldb:hsql://localhost/xdb|select * from information_schema.sequences|select * from information_schema.sequences
1740767713520|1|statement|connection 2|url jdbc:hsqldb:hsql://localhost/xdb|select persona0_.id_persona as id_perso1_0_, persona0_.fecha_nacimiento as fecha_na2_0_, persona0_.nombre as nombre3_0_ from DEMO_PERSONA persona0_|select persona0_.id_persona as id_perso1_0_, persona0_.fecha_nacimiento as fecha_na2_0_, persona0_.nombre as nombre3_0_ from DEMO_PERSONA persona0_
1740767713689|0|statement|connection 3|url jdbc:hsqldb:hsql://localhost/xdb|select myframewor0_.value as col_0_0_ from MYFRAMEWORK_PROPERTIES myframewor0_ where myframewor0_.name='thejavalistener.fwk.frontend.hql.screen.HQLScreen.dividerLocation'|select myframewor0_.value as col_0_0_ from MYFRAMEWORK_PROPERTIES myframewor0_ where myframewor0_.name='thejavalistener.fwk.frontend.hql.screen.HQLScreen.dividerLocation'
1740767713725|0|commit|connection 3|url jdbc:hsqldb:hsql://localhost/xdb||
1740767713846|0|statement|connection 4|url jdbc:hsqldb:hsql://localhost/xdb|select myframewor0_.value as col_0_0_ from MYFRAMEWORK_PROPERTIES myframewor0_ where myframewor0_.name='thejavalistener.fwk.frontend.hql.screen.HQLScreen.console'|select myframewor0_.value as col_0_0_ from MYFRAMEWORK_PROPERTIES myframewor0_ where myframewor0_.name='thejavalistener.fwk.frontend.hql.screen.HQLScreen.console'
1740767713971|0|statement|connection 5|url jdbc:hsqldb:hsql://localhost/xdb|select myframewor0_.value as col_0_0_ from MYFRAMEWORK_PROPERTIES myframewor0_ where myframewor0_.name='thejavalistener.fwk.frontend.MyAppContainer.bounds'|select myframewor0_.value as col_0_0_ from MYFRAMEWORK_PROPERTIES myframewor0_ where myframewor0_.name='thejavalistener.fwk.frontend.MyAppContainer.bounds'
1740767750383|0|commit|connection 6|url jdbc:hsqldb:hsql://localhost/xdb||
1740767760017|1|statement|connection 7|url jdbc:hsqldb:hsql://localhost/xdb|select persona0_.id_persona as id_perso1_0_, persona0_.fecha_nacimiento as fecha_na2_0_, persona0_.nombre as nombre3_0_ from DEMO_PERSONA persona0_|select persona0_.id_persona as id_perso1_0_, persona0_.fecha_nacimiento as fecha_na2_0_, persona0_.nombre as nombre3_0_ from DEMO_PERSONA persona0_
1740767768222|0|commit|connection 8|url jdbc:hsqldb:hsql://localhost/xdb||
1740767768906|0|commit|connection 9|url jdbc:hsqldb:hsql://localhost/xdb||
1740767769345|0|commit|connection 10|url jdbc:hsqldb:hsql://localhost/xdb||
1740767801228|5|statement|connection 1|url jdbc:hsqldb:hsql://localhost/xdb|select * from information_schema.sequences|select * from information_schema.sequences
1740767811048|0|statement|connection 2|url jdbc:hsqldb:hsql://localhost/xdb|select persona0_.id_persona as id_perso1_0_, persona0_.fecha_nacimiento as fecha_na2_0_, persona0_.nombre as nombre3_0_ from DEMO_PERSONA persona0_|select persona0_.id_persona as id_perso1_0_, persona0_.fecha_nacimiento as fecha_na2_0_, persona0_.nombre as nombre3_0_ from DEMO_PERSONA persona0_
1740767811232|0|statement|connection 3|url jdbc:hsqldb:hsql://localhost/xdb|select myframewor0_.value as col_0_0_ from MYFRAMEWORK_PROPERTIES myframewor0_ where myframewor0_.name='thejavalistener.fwk.frontend.hql.screen.HQLScreen.dividerLocation'|select myframewor0_.value as col_0_0_ from MYFRAMEWORK_PROPERTIES myframewor0_ where myframewor0_.name='thejavalistener.fwk.frontend.hql.screen.HQLScreen.dividerLocation'
1740767811283|0|commit|connection 3|url jdbc:hsqldb:hsql://localhost/xdb||
1740767811405|0|statement|connection 4|url jdbc:hsqldb:hsql://localhost/xdb|select myframewor0_.value as col_0_0_ from MYFRAMEWORK_PROPERTIES myframewor0_ where myframewor0_.name='thejavalistener.fwk.frontend.hql.screen.HQLScreen.console'|select myframewor0_.value as col_0_0_ from MYFRAMEWORK_PROPERTIES myframewor0_ where myframewor0_.name='thejavalistener.fwk.frontend.hql.screen.HQLScreen.console'
1740767811533|0|statement|connection 5|url jdbc:hsqldb:hsql://localhost/xdb|select myframewor0_.value as col_0_0_ from MYFRAMEWORK_PROPERTIES myframewor0_ where myframewor0_.name='thejavalistener.fwk.frontend.MyAppContainer.bounds'|select myframewor0_.value as col_0_0_ from MYFRAMEWORK_PROPERTIES myframewor0_ where myframewor0_.name='thejavalistener.fwk.frontend.MyAppContainer.bounds'
1740768049219|5|statement|connection 1|url jdbc:hsqldb:hsql://localhost/xdb|select * from information_schema.sequences|select * from information_schema.sequences
1740768050040|0|statement|connection 2|url jdbc:hsqldb:hsql://localhost/xdb|select persona0_.id_persona as id_perso1_0_, persona0_.fecha_nacimiento as fecha_na2_0_, persona0_.nombre as nombre3_0_ from DEMO_PERSONA persona0_|select persona0_.id_persona as id_perso1_0_, persona0_.fecha_nacimiento as fecha_na2_0_, persona0_.nombre as nombre3_0_ from DEMO_PERSONA persona0_
1740768050194|0|statement|connection 3|url jdbc:hsqldb:hsql://localhost/xdb|select myframewor0_.value as col_0_0_ from MYFRAMEWORK_PROPERTIES myframewor0_ where myframewor0_.name='thejavalistener.fwk.frontend.hql.screen.HQLScreen.dividerLocation'|select myframewor0_.value as col_0_0_ from MYFRAMEWORK_PROPERTIES myframewor0_ where myframewor0_.name='thejavalistener.fwk.frontend.hql.screen.HQLScreen.dividerLocation'
1740768050230|0|commit|connection 3|url jdbc:hsqldb:hsql://localhost/xdb||
1740768050355|0|statement|connection 4|url jdbc:hsqldb:hsql://localhost/xdb|select myframewor0_.value as col_0_0_ from MYFRAMEWORK_PROPERTIES myframewor0_ where myframewor0_.name='thejavalistener.fwk.frontend.hql.screen.HQLScreen.console'|select myframewor0_.value as col_0_0_ from MYFRAMEWORK_PROPERTIES myframewor0_ where myframewor0_.name='thejavalistener.fwk.frontend.hql.screen.HQLScreen.console'
1740768050481|0|statement|connection 5|url jdbc:hsqldb:hsql://localhost/xdb|select myframewor0_.value as col_0_0_ from MYFRAMEWORK_PROPERTIES myframewor0_ where myframewor0_.name='thejavalistener.fwk.frontend.MyAppContainer.bounds'|select myframewor0_.value as col_0_0_ from MYFRAMEWORK_PROPERTIES myframewor0_ where myframewor0_.name='thejavalistener.fwk.frontend.MyAppContainer.bounds'
1740768065999|1|statement|connection 6|url jdbc:hsqldb:hsql://localhost/xdb|insert into DEMO_PERSONA (id_persona, fecha_nacimiento, nombre) values (default, ?, ?)|insert into DEMO_PERSONA (id_persona, fecha_nacimiento, nombre) values (default, '2024-02-01T15:41:05.865-0300', 'Cacho')
1740768066012|0|commit|connection 6|url jdbc:hsqldb:hsql://localhost/xdb||
1740768072971|1|statement|connection 7|url jdbc:hsqldb:hsql://localhost/xdb|insert into DEMO_PERSONA (id_persona, fecha_nacimiento, nombre) values (default, ?, ?)|insert into DEMO_PERSONA (id_persona, fecha_nacimiento, nombre) values (default, '2024-02-01T15:41:12.853-0300', 'Cacho')
1740768072974|0|commit|connection 7|url jdbc:hsqldb:hsql://localhost/xdb||
1740768073205|1|statement|connection 8|url jdbc:hsqldb:hsql://localhost/xdb|insert into DEMO_PERSONA (id_persona, fecha_nacimiento, nombre) values (default, ?, ?)|insert into DEMO_PERSONA (id_persona, fecha_nacimiento, nombre) values (default, '2024-02-01T15:41:13.088-0300', 'Cacho')
1740768073208|0|commit|connection 8|url jdbc:hsqldb:hsql://localhost/xdb||
1740768073423|0|statement|connection 9|url jdbc:hsqldb:hsql://localhost/xdb|insert into DEMO_PERSONA (id_persona, fecha_nacimiento, nombre) values (default, ?, ?)|insert into DEMO_PERSONA (id_persona, fecha_nacimiento, nombre) values (default, '2024-02-01T15:41:13.311-0300', 'Cacho')
1740768073425|0|commit|connection 9|url jdbc:hsqldb:hsql://localhost/xdb||
1740768080863|0|statement|connection 10|url jdbc:hsqldb:hsql://localhost/xdb|select persona0_.id_persona as id_perso1_0_, persona0_.fecha_nacimiento as fecha_na2_0_, persona0_.nombre as nombre3_0_ from DEMO_PERSONA persona0_|select persona0_.id_persona as id_perso1_0_, persona0_.fecha_nacimiento as fecha_na2_0_, persona0_.nombre as nombre3_0_ from DEMO_PERSONA persona0_
1740768093347|0|statement|connection 11|url jdbc:hsqldb:hsql://localhost/xdb|select myframewor0_.name as name1_1_, myframewor0_.value as value2_1_ from MYFRAMEWORK_PROPERTIES myframewor0_ where myframewor0_.name='thejavalistener.fwk.frontend.hql.screen.HQLScreen.console'|select myframewor0_.name as name1_1_, myframewor0_.value as value2_1_ from MYFRAMEWORK_PROPERTIES myframewor0_ where myframewor0_.name='thejavalistener.fwk.frontend.hql.screen.HQLScreen.console'
1740768093355|1|statement|connection 11|url jdbc:hsqldb:hsql://localhost/xdb|update MYFRAMEWORK_PROPERTIES set value=? where name=?|update MYFRAMEWORK_PROPERTIES set value='{"type":"java.lang.String","data":"desc\n\nfrom Persona"}' where name='thejavalistener.fwk.frontend.hql.screen.HQLScreen.console'
1740768093356|0|commit|connection 11|url jdbc:hsqldb:hsql://localhost/xdb||
1740768093469|0|statement|connection 12|url jdbc:hsqldb:hsql://localhost/xdb|select myframewor0_.name as name1_1_, myframewor0_.value as value2_1_ from MYFRAMEWORK_PROPERTIES myframewor0_ where myframewor0_.name='thejavalistener.fwk.frontend.MyAppContainer.bounds'|select myframewor0_.name as name1_1_, myframewor0_.value as value2_1_ from MYFRAMEWORK_PROPERTIES myframewor0_ where myframewor0_.name='thejavalistener.fwk.frontend.MyAppContainer.bounds'
1740768093471|0|statement|connection 12|url jdbc:hsqldb:hsql://localhost/xdb|update MYFRAMEWORK_PROPERTIES set value=? where name=?|update MYFRAMEWORK_PROPERTIES set value='{"type":"java.awt.Rectangle","data":{"x":102,"y":46,"width":1369,"height":762}}' where name='thejavalistener.fwk.frontend.MyAppContainer.bounds'
1740768093472|0|commit|connection 12|url jdbc:hsqldb:hsql://localhost/xdb||
1740768093614|23|statement|connection 13|url jdbc:hsqldb:hsql://localhost/xdb|shutdown|shutdown
1740768171161|5|statement|connection 1|url jdbc:hsqldb:hsql://localhost/xdb|select * from information_schema.sequences|select * from information_schema.sequences
1740768171943|0|statement|connection 2|url jdbc:hsqldb:hsql://localhost/xdb|select persona0_.id_persona as id_perso1_0_, persona0_.fecha_nacimiento as fecha_na2_0_, persona0_.nombre as nombre3_0_ from DEMO_PERSONA persona0_|select persona0_.id_persona as id_perso1_0_, persona0_.fecha_nacimiento as fecha_na2_0_, persona0_.nombre as nombre3_0_ from DEMO_PERSONA persona0_
1740768172113|0|statement|connection 3|url jdbc:hsqldb:hsql://localhost/xdb|select myframewor0_.value as col_0_0_ from MYFRAMEWORK_PROPERTIES myframewor0_ where myframewor0_.name='thejavalistener.fwk.frontend.hql.screen.HQLScreen.dividerLocation'|select myframewor0_.value as col_0_0_ from MYFRAMEWORK_PROPERTIES myframewor0_ where myframewor0_.name='thejavalistener.fwk.frontend.hql.screen.HQLScreen.dividerLocation'
1740768172153|0|commit|connection 3|url jdbc:hsqldb:hsql://localhost/xdb||
1740768172273|0|statement|connection 4|url jdbc:hsqldb:hsql://localhost/xdb|select myframewor0_.value as col_0_0_ from MYFRAMEWORK_PROPERTIES myframewor0_ where myframewor0_.name='thejavalistener.fwk.frontend.hql.screen.HQLScreen.console'|select myframewor0_.value as col_0_0_ from MYFRAMEWORK_PROPERTIES myframewor0_ where myframewor0_.name='thejavalistener.fwk.frontend.hql.screen.HQLScreen.console'
1740768172413|0|statement|connection 5|url jdbc:hsqldb:hsql://localhost/xdb|select myframewor0_.value as col_0_0_ from MYFRAMEWORK_PROPERTIES myframewor0_ where myframewor0_.name='thejavalistener.fwk.frontend.MyAppContainer.bounds'|select myframewor0_.value as col_0_0_ from MYFRAMEWORK_PROPERTIES myframewor0_ where myframewor0_.name='thejavalistener.fwk.frontend.MyAppContainer.bounds'
1740768179325|0|statement|connection 6|url jdbc:hsqldb:hsql://localhost/xdb|select persona0_.id_persona as id_perso1_0_0_, persona0_.fecha_nacimiento as fecha_na2_0_0_, persona0_.nombre as nombre3_0_0_ from DEMO_PERSONA persona0_ where persona0_.id_persona=?|select persona0_.id_persona as id_perso1_0_0_, persona0_.fecha_nacimiento as fecha_na2_0_0_, persona0_.nombre as nombre3_0_0_ from DEMO_PERSONA persona0_ where persona0_.id_persona=1
1740768179345|2|statement|connection 6|url jdbc:hsqldb:hsql://localhost/xdb|update DEMO_PERSONA set fecha_nacimiento=?, nombre=? where id_persona=?|update DEMO_PERSONA set fecha_nacimiento='2024-02-01T15:42:59.201-0300', nombre='Cacho 1' where id_persona=1
1740768179348|0|commit|connection 6|url jdbc:hsqldb:hsql://localhost/xdb||
1740768179468|0|statement|connection 7|url jdbc:hsqldb:hsql://localhost/xdb|select persona0_.id_persona as id_perso1_0_, persona0_.fecha_nacimiento as fecha_na2_0_, persona0_.nombre as nombre3_0_ from DEMO_PERSONA persona0_|select persona0_.id_persona as id_perso1_0_, persona0_.fecha_nacimiento as fecha_na2_0_, persona0_.nombre as nombre3_0_ from DEMO_PERSONA persona0_
1740768186093|1|statement|connection 8|url jdbc:hsqldb:hsql://localhost/xdb|select persona0_.id_persona as id_perso1_0_0_, persona0_.fecha_nacimiento as fecha_na2_0_0_, persona0_.nombre as nombre3_0_0_ from DEMO_PERSONA persona0_ where persona0_.id_persona=?|select persona0_.id_persona as id_perso1_0_0_, persona0_.fecha_nacimiento as fecha_na2_0_0_, persona0_.nombre as nombre3_0_0_ from DEMO_PERSONA persona0_ where persona0_.id_persona=2
1740768186098|0|statement|connection 8|url jdbc:hsqldb:hsql://localhost/xdb|update DEMO_PERSONA set fecha_nacimiento=?, nombre=? where id_persona=?|update DEMO_PERSONA set fecha_nacimiento='2024-02-01T15:43:05.980-0300', nombre='Cacho 2' where id_persona=2
1740768186099|0|commit|connection 8|url jdbc:hsqldb:hsql://localhost/xdb||
1740768186215|0|statement|connection 9|url jdbc:hsqldb:hsql://localhost/xdb|select persona0_.id_persona as id_perso1_0_, persona0_.fecha_nacimiento as fecha_na2_0_, persona0_.nombre as nombre3_0_ from DEMO_PERSONA persona0_|select persona0_.id_persona as id_perso1_0_, persona0_.fecha_nacimiento as fecha_na2_0_, persona0_.nombre as nombre3_0_ from DEMO_PERSONA persona0_
1740768197624|1|statement|connection 10|url jdbc:hsqldb:hsql://localhost/xdb|select persona0_.id_persona as id_perso1_0_0_, persona0_.fecha_nacimiento as fecha_na2_0_0_, persona0_.nombre as nombre3_0_0_ from DEMO_PERSONA persona0_ where persona0_.id_persona=?|select persona0_.id_persona as id_perso1_0_0_, persona0_.fecha_nacimiento as fecha_na2_0_0_, persona0_.nombre as nombre3_0_0_ from DEMO_PERSONA persona0_ where persona0_.id_persona=3
1740768197629|0|statement|connection 10|url jdbc:hsqldb:hsql://localhost/xdb|update DEMO_PERSONA set fecha_nacimiento=?, nombre=? where id_persona=?|update DEMO_PERSONA set fecha_nacimiento='2024-02-01T15:43:17.511-0300', nombre='Cacho 3' where id_persona=3
1740768197631|0|commit|connection 10|url jdbc:hsqldb:hsql://localhost/xdb||
1740768197745|0|statement|connection 11|url jdbc:hsqldb:hsql://localhost/xdb|select persona0_.id_persona as id_perso1_0_, persona0_.fecha_nacimiento as fecha_na2_0_, persona0_.nombre as nombre3_0_ from DEMO_PERSONA persona0_|select persona0_.id_persona as id_perso1_0_, persona0_.fecha_nacimiento as fecha_na2_0_, persona0_.nombre as nombre3_0_ from DEMO_PERSONA persona0_
1740768204063|0|statement|connection 12|url jdbc:hsqldb:hsql://localhost/xdb|select persona0_.id_persona as id_perso1_0_0_, persona0_.fecha_nacimiento as fecha_na2_0_0_, persona0_.nombre as nombre3_0_0_ from DEMO_PERSONA persona0_ where persona0_.id_persona=?|select persona0_.id_persona as id_perso1_0_0_, persona0_.fecha_nacimiento as fecha_na2_0_0_, persona0_.nombre as nombre3_0_0_ from DEMO_PERSONA persona0_ where persona0_.id_persona=4
1740768204067|0|statement|connection 12|url jdbc:hsqldb:hsql://localhost/xdb|update DEMO_PERSONA set fecha_nacimiento=?, nombre=? where id_persona=?|update DEMO_PERSONA set fecha_nacimiento='2024-02-01T15:43:23.949-0300', nombre='Cacho 4' where id_persona=4
1740768204068|0|commit|connection 12|url jdbc:hsqldb:hsql://localhost/xdb||
1740768204185|1|statement|connection 13|url jdbc:hsqldb:hsql://localhost/xdb|select persona0_.id_persona as id_perso1_0_, persona0_.fecha_nacimiento as fecha_na2_0_, persona0_.nombre as nombre3_0_ from DEMO_PERSONA persona0_|select persona0_.id_persona as id_perso1_0_, persona0_.fecha_nacimiento as fecha_na2_0_, persona0_.nombre as nombre3_0_ from DEMO_PERSONA persona0_
1740768235961|0|statement|connection 14|url jdbc:hsqldb:hsql://localhost/xdb|insert into DEMO_PERSONA (id_persona, fecha_nacimiento, nombre) values (default, ?, ?)|insert into DEMO_PERSONA (id_persona, fecha_nacimiento, nombre) values (default, '1970-10-02T15:43:55.843-0300', 'Pablito')
1740768235965|0|commit|connection 14|url jdbc:hsqldb:hsql://localhost/xdb||
1740768236076|1|statement|connection 15|url jdbc:hsqldb:hsql://localhost/xdb|select persona0_.id_persona as id_perso1_0_, persona0_.fecha_nacimiento as fecha_na2_0_, persona0_.nombre as nombre3_0_ from DEMO_PERSONA persona0_|select persona0_.id_persona as id_perso1_0_, persona0_.fecha_nacimiento as fecha_na2_0_, persona0_.nombre as nombre3_0_ from DEMO_PERSONA persona0_
1740768251598|0|statement|connection 16|url jdbc:hsqldb:hsql://localhost/xdb|select myframewor0_.name as name1_1_, myframewor0_.value as value2_1_ from MYFRAMEWORK_PROPERTIES myframewor0_ where myframewor0_.name='thejavalistener.fwk.frontend.hql.screen.HQLScreen.console'|select myframewor0_.name as name1_1_, myframewor0_.value as value2_1_ from MYFRAMEWORK_PROPERTIES myframewor0_ where myframewor0_.name='thejavalistener.fwk.frontend.hql.screen.HQLScreen.console'
1740768251602|0|commit|connection 16|url jdbc:hsqldb:hsql://localhost/xdb||
1740768251721|0|statement|connection 17|url jdbc:hsqldb:hsql://localhost/xdb|select myframewor0_.name as name1_1_, myframewor0_.value as value2_1_ from MYFRAMEWORK_PROPERTIES myframewor0_ where myframewor0_.name='thejavalistener.fwk.frontend.MyAppContainer.bounds'|select myframewor0_.name as name1_1_, myframewor0_.value as value2_1_ from MYFRAMEWORK_PROPERTIES myframewor0_ where myframewor0_.name='thejavalistener.fwk.frontend.MyAppContainer.bounds'
1740768251723|0|commit|connection 17|url jdbc:hsqldb:hsql://localhost/xdb||
1740768251889|48|statement|connection 18|url jdbc:hsqldb:hsql://localhost/xdb|shutdown|shutdown
1740768473082|8|statement|connection 1|url jdbc:hsqldb:hsql://localhost/xdb|select * from information_schema.sequences|select * from information_schema.sequences
1740768473898|0|statement|connection 2|url jdbc:hsqldb:hsql://localhost/xdb|select persona0_.id_persona as id_perso1_0_, persona0_.fecha_nacimiento as fecha_na2_0_, persona0_.nombre as nombre3_0_ from DEMO_PERSONA persona0_|select persona0_.id_persona as id_perso1_0_, persona0_.fecha_nacimiento as fecha_na2_0_, persona0_.nombre as nombre3_0_ from DEMO_PERSONA persona0_
1740768474086|0|statement|connection 3|url jdbc:hsqldb:hsql://localhost/xdb|select myframewor0_.value as col_0_0_ from MYFRAMEWORK_PROPERTIES myframewor0_ where myframewor0_.name='thejavalistener.fwk.frontend.hql.screen.HQLScreen.dividerLocation'|select myframewor0_.value as col_0_0_ from MYFRAMEWORK_PROPERTIES myframewor0_ where myframewor0_.name='thejavalistener.fwk.frontend.hql.screen.HQLScreen.dividerLocation'
1740768474137|0|commit|connection 3|url jdbc:hsqldb:hsql://localhost/xdb||
1740768474254|0|statement|connection 4|url jdbc:hsqldb:hsql://localhost/xdb|select myframewor0_.value as col_0_0_ from MYFRAMEWORK_PROPERTIES myframewor0_ where myframewor0_.name='thejavalistener.fwk.frontend.hql.screen.HQLScreen.console'|select myframewor0_.value as col_0_0_ from MYFRAMEWORK_PROPERTIES myframewor0_ where myframewor0_.name='thejavalistener.fwk.frontend.hql.screen.HQLScreen.console'
1740768474381|0|statement|connection 5|url jdbc:hsqldb:hsql://localhost/xdb|select myframewor0_.value as col_0_0_ from MYFRAMEWORK_PROPERTIES myframewor0_ where myframewor0_.name='thejavalistener.fwk.frontend.MyAppContainer.bounds'|select myframewor0_.value as col_0_0_ from MYFRAMEWORK_PROPERTIES myframewor0_ where myframewor0_.name='thejavalistener.fwk.frontend.MyAppContainer.bounds'
1740768483897|0|rollback|connection 6|url jdbc:hsqldb:hsql://localhost/xdb||
1740768532715|4|statement|connection 1|url jdbc:hsqldb:hsql://localhost/xdb|select * from information_schema.sequences|select * from information_schema.sequences
1740768533527|0|statement|connection 2|url jdbc:hsqldb:hsql://localhost/xdb|select persona0_.id_persona as id_perso1_0_, persona0_.fecha_nacimiento as fecha_na2_0_, persona0_.nombre as nombre3_0_ from DEMO_PERSONA persona0_|select persona0_.id_persona as id_perso1_0_, persona0_.fecha_nacimiento as fecha_na2_0_, persona0_.nombre as nombre3_0_ from DEMO_PERSONA persona0_
1740768533712|0|statement|connection 3|url jdbc:hsqldb:hsql://localhost/xdb|select myframewor0_.value as col_0_0_ from MYFRAMEWORK_PROPERTIES myframewor0_ where myframewor0_.name='thejavalistener.fwk.frontend.hql.screen.HQLScreen.dividerLocation'|select myframewor0_.value as col_0_0_ from MYFRAMEWORK_PROPERTIES myframewor0_ where myframewor0_.name='thejavalistener.fwk.frontend.hql.screen.HQLScreen.dividerLocation'
1740768533759|0|commit|connection 3|url jdbc:hsqldb:hsql://localhost/xdb||
1740768533883|0|statement|connection 4|url jdbc:hsqldb:hsql://localhost/xdb|select myframewor0_.value as col_0_0_ from MYFRAMEWORK_PROPERTIES myframewor0_ where myframewor0_.name='thejavalistener.fwk.frontend.hql.screen.HQLScreen.console'|select myframewor0_.value as col_0_0_ from MYFRAMEWORK_PROPERTIES myframewor0_ where myframewor0_.name='thejavalistener.fwk.frontend.hql.screen.HQLScreen.console'
1740768534008|0|statement|connection 5|url jdbc:hsqldb:hsql://localhost/xdb|select myframewor0_.value as col_0_0_ from MYFRAMEWORK_PROPERTIES myframewor0_ where myframewor0_.name='thejavalistener.fwk.frontend.MyAppContainer.bounds'|select myframewor0_.value as col_0_0_ from MYFRAMEWORK_PROPERTIES myframewor0_ where myframewor0_.name='thejavalistener.fwk.frontend.MyAppContainer.bounds'
1740768538466|0|statement|connection 6|url jdbc:hsqldb:hsql://localhost/xdb|select persona0_.id_persona as id_perso1_0_0_, persona0_.fecha_nacimiento as fecha_na2_0_0_, persona0_.nombre as nombre3_0_0_ from DEMO_PERSONA persona0_ where persona0_.id_persona=?|select persona0_.id_persona as id_perso1_0_0_, persona0_.fecha_nacimiento as fecha_na2_0_0_, persona0_.nombre as nombre3_0_0_ from DEMO_PERSONA persona0_ where persona0_.id_persona=4
1740768538491|2|statement|connection 6|url jdbc:hsqldb:hsql://localhost/xdb|delete from DEMO_PERSONA where id_persona=?|delete from DEMO_PERSONA where id_persona=4
1740768538493|0|commit|connection 6|url jdbc:hsqldb:hsql://localhost/xdb||
1740768538607|1|statement|connection 7|url jdbc:hsqldb:hsql://localhost/xdb|select persona0_.id_persona as id_perso1_0_, persona0_.fecha_nacimiento as fecha_na2_0_, persona0_.nombre as nombre3_0_ from DEMO_PERSONA persona0_|select persona0_.id_persona as id_perso1_0_, persona0_.fecha_nacimiento as fecha_na2_0_, persona0_.nombre as nombre3_0_ from DEMO_PERSONA persona0_
1740768547418|0|statement|connection 8|url jdbc:hsqldb:hsql://localhost/xdb|select persona0_.id_persona as id_perso1_0_, persona0_.fecha_nacimiento as fecha_na2_0_, persona0_.nombre as nombre3_0_ from DEMO_PERSONA persona0_|select persona0_.id_persona as id_perso1_0_, persona0_.fecha_nacimiento as fecha_na2_0_, persona0_.nombre as nombre3_0_ from DEMO_PERSONA persona0_
1740768554457|0|statement|connection 9|url jdbc:hsqldb:hsql://localhost/xdb|select myframewor0_.name as name1_1_, myframewor0_.value as value2_1_ from MYFRAMEWORK_PROPERTIES myframewor0_ where myframewor0_.name='thejavalistener.fwk.frontend.hql.screen.HQLScreen.console'|select myframewor0_.name as name1_1_, myframewor0_.value as value2_1_ from MYFRAMEWORK_PROPERTIES myframewor0_ where myframewor0_.name='thejavalistener.fwk.frontend.hql.screen.HQLScreen.console'
1740768554463|0|statement|connection 9|url jdbc:hsqldb:hsql://localhost/xdb|update MYFRAMEWORK_PROPERTIES set value=? where name=?|update MYFRAMEWORK_PROPERTIES set value='{"type":"java.lang.String","data":"desc\n\nfrom Persona "}' where name='thejavalistener.fwk.frontend.hql.screen.HQLScreen.console'
1740768554465|0|commit|connection 9|url jdbc:hsqldb:hsql://localhost/xdb||
1740768554579|0|statement|connection 10|url jdbc:hsqldb:hsql://localhost/xdb|select myframewor0_.name as name1_1_, myframewor0_.value as value2_1_ from MYFRAMEWORK_PROPERTIES myframewor0_ where myframewor0_.name='thejavalistener.fwk.frontend.MyAppContainer.bounds'|select myframewor0_.name as name1_1_, myframewor0_.value as value2_1_ from MYFRAMEWORK_PROPERTIES myframewor0_ where myframewor0_.name='thejavalistener.fwk.frontend.MyAppContainer.bounds'
1740768554580|0|commit|connection 10|url jdbc:hsqldb:hsql://localhost/xdb||
1740768554709|23|statement|connection 11|url jdbc:hsqldb:hsql://localhost/xdb|shutdown|shutdown
